2023-09-14 12:05:50 |INFO  |main |StartupInfoLogger.java:55 |com.atguigu.system.ServiceAuthApplication |Starting ServiceAuthApplication on Gavin-laptop with PID 12908 (D:\OneDrive\AtGuiGu\JavaDevelop\homework-management\service-system\target\classes started by Gavin in D:\OneDrive\AtGuiGu\JavaDevelop\homework-management)
2023-09-14 12:05:50 |INFO  |main |SpringApplication.java:655 |com.atguigu.system.ServiceAuthApplication |The following profiles are active: dev
2023-09-14 12:05:52 |INFO  |main |RepositoryConfigurationDelegate.java:249 |org.springframework.data.repository.config.RepositoryConfigurationDelegate |Multiple Spring Data modules found, entering strict repository configuration mode!
2023-09-14 12:05:52 |INFO  |main |RepositoryConfigurationDelegate.java:127 |org.springframework.data.repository.config.RepositoryConfigurationDelegate |Bootstrapping Spring Data Redis repositories in DEFAULT mode.
2023-09-14 12:05:52 |INFO  |main |RepositoryConfigurationDelegate.java:187 |org.springframework.data.repository.config.RepositoryConfigurationDelegate |Finished Spring Data repository scanning in 26ms. Found 0 Redis repository interfaces.
2023-09-14 12:05:52 |INFO  |main |EnableEncryptablePropertiesBeanFactoryPostProcessor.java:44 |com.ulisesbocchio.jasyptspringboot.configuration.EnableEncryptablePropertiesBeanFactoryPostProcessor |Post-processing PropertySource instances
2023-09-14 12:05:52 |INFO  |main |EncryptablePropertySourceConverter.java:105 |com.ulisesbocchio.jasyptspringboot.EncryptablePropertySourceConverter |Skipping PropertySource configurationProperties [class org.springframework.boot.context.properties.source.ConfigurationPropertySourcesPropertySource
2023-09-14 12:05:52 |INFO  |main |EncryptablePropertySourceConverter.java:105 |com.ulisesbocchio.jasyptspringboot.EncryptablePropertySourceConverter |Skipping PropertySource servletConfigInitParams [class org.springframework.core.env.PropertySource$StubPropertySource
2023-09-14 12:05:52 |INFO  |main |EncryptablePropertySourceConverter.java:105 |com.ulisesbocchio.jasyptspringboot.EncryptablePropertySourceConverter |Skipping PropertySource servletContextInitParams [class org.springframework.core.env.PropertySource$StubPropertySource
2023-09-14 12:05:52 |INFO  |main |EncryptablePropertySourceConverter.java:110 |com.ulisesbocchio.jasyptspringboot.EncryptablePropertySourceConverter |Converting PropertySource systemProperties [org.springframework.core.env.PropertiesPropertySource] to EncryptableMapPropertySourceWrapper
2023-09-14 12:05:52 |INFO  |main |EncryptablePropertySourceConverter.java:110 |com.ulisesbocchio.jasyptspringboot.EncryptablePropertySourceConverter |Converting PropertySource systemEnvironment [org.springframework.boot.env.SystemEnvironmentPropertySourceEnvironmentPostProcessor$OriginAwareSystemEnvironmentPropertySource] to EncryptableSystemEnvironmentPropertySourceWrapper
2023-09-14 12:05:52 |INFO  |main |EncryptablePropertySourceConverter.java:110 |com.ulisesbocchio.jasyptspringboot.EncryptablePropertySourceConverter |Converting PropertySource random [org.springframework.boot.env.RandomValuePropertySource] to EncryptablePropertySourceWrapper
2023-09-14 12:05:52 |INFO  |main |EncryptablePropertySourceConverter.java:110 |com.ulisesbocchio.jasyptspringboot.EncryptablePropertySourceConverter |Converting PropertySource applicationConfig: [classpath:/application-dev.yaml] [org.springframework.boot.env.OriginTrackedMapPropertySource] to EncryptableMapPropertySourceWrapper
2023-09-14 12:05:52 |INFO  |main |EncryptablePropertySourceConverter.java:110 |com.ulisesbocchio.jasyptspringboot.EncryptablePropertySourceConverter |Converting PropertySource applicationConfig: [classpath:/application.yaml] [org.springframework.boot.env.OriginTrackedMapPropertySource] to EncryptableMapPropertySourceWrapper
2023-09-14 12:05:52 |INFO  |main |PostProcessorRegistrationDelegate.java:335 |org.springframework.context.support.PostProcessorRegistrationDelegate$BeanPostProcessorChecker |Bean 'org.springframework.security.access.expression.method.DefaultMethodSecurityExpressionHandler@4c2fb9dd' of type [org.springframework.security.access.expression.method.DefaultMethodSecurityExpressionHandler] is not eligible for getting processed by all BeanPostProcessors (for example: not eligible for auto-proxying)
2023-09-14 12:05:52 |INFO  |main |PostProcessorRegistrationDelegate.java:335 |org.springframework.context.support.PostProcessorRegistrationDelegate$BeanPostProcessorChecker |Bean 'methodSecurityMetadataSource' of type [org.springframework.security.access.method.DelegatingMethodSecurityMetadataSource] is not eligible for getting processed by all BeanPostProcessors (for example: not eligible for auto-proxying)
2023-09-14 12:05:52 |INFO  |main |DefaultLazyPropertyFilter.java:45 |com.ulisesbocchio.jasyptspringboot.filter.DefaultLazyPropertyFilter |Property Filter custom Bean not found with name 'encryptablePropertyFilter'. Initializing Default Property Filter
2023-09-14 12:05:52 |INFO  |main |DefaultLazyPropertyResolver.java:46 |com.ulisesbocchio.jasyptspringboot.resolver.DefaultLazyPropertyResolver |Property Resolver custom Bean not found with name 'encryptablePropertyResolver'. Initializing Default Property Resolver
2023-09-14 12:05:52 |INFO  |main |DefaultLazyPropertyDetector.java:44 |com.ulisesbocchio.jasyptspringboot.detector.DefaultLazyPropertyDetector |Property Detector custom Bean not found with name 'encryptablePropertyDetector'. Initializing Default Property Detector
2023-09-14 12:05:53 |INFO  |main |TomcatWebServer.java:108 |org.springframework.boot.web.embedded.tomcat.TomcatWebServer |Tomcat initialized with port(s): 8800 (http)
2023-09-14 12:05:53 |INFO  |main |DirectJDKLog.java:173 |org.apache.coyote.http11.Http11NioProtocol |Initializing ProtocolHandler ["http-nio-8800"]
2023-09-14 12:05:53 |INFO  |main |DirectJDKLog.java:173 |org.apache.catalina.core.StandardService |Starting service [Tomcat]
2023-09-14 12:05:53 |INFO  |main |DirectJDKLog.java:173 |org.apache.catalina.core.StandardEngine |Starting Servlet engine: [Apache Tomcat/9.0.39]
2023-09-14 12:05:53 |INFO  |main |DirectJDKLog.java:173 |org.apache.catalina.core.ContainerBase.[Tomcat].[localhost].[/] |Initializing Spring embedded WebApplicationContext
2023-09-14 12:05:53 |INFO  |main |ServletWebServerApplicationContext.java:285 |org.springframework.boot.web.servlet.context.ServletWebServerApplicationContext |Root WebApplicationContext: initialization completed in 2251 ms
2023-09-14 12:05:53 |INFO  |main |DefaultLazyEncryptor.java:46 |com.ulisesbocchio.jasyptspringboot.encryptor.DefaultLazyEncryptor |String Encryptor custom Bean not found with name 'jasyptStringEncryptor'. Initializing Default String Encryptor
2023-09-14 12:05:53 |INFO  |main |StringEncryptorBuilder.java:119 |com.ulisesbocchio.jasyptspringboot.configuration.StringEncryptorBuilder |Encryptor config not found for property jasypt.encryptor.algorithm, using default value: PBEWITHHMACSHA512ANDAES_256
2023-09-14 12:05:53 |INFO  |main |StringEncryptorBuilder.java:119 |com.ulisesbocchio.jasyptspringboot.configuration.StringEncryptorBuilder |Encryptor config not found for property jasypt.encryptor.key-obtention-iterations, using default value: 1000
2023-09-14 12:05:53 |INFO  |main |StringEncryptorBuilder.java:119 |com.ulisesbocchio.jasyptspringboot.configuration.StringEncryptorBuilder |Encryptor config not found for property jasypt.encryptor.pool-size, using default value: 1
2023-09-14 12:05:53 |INFO  |main |StringEncryptorBuilder.java:119 |com.ulisesbocchio.jasyptspringboot.configuration.StringEncryptorBuilder |Encryptor config not found for property jasypt.encryptor.provider-name, using default value: null
2023-09-14 12:05:53 |INFO  |main |StringEncryptorBuilder.java:119 |com.ulisesbocchio.jasyptspringboot.configuration.StringEncryptorBuilder |Encryptor config not found for property jasypt.encryptor.provider-class-name, using default value: null
2023-09-14 12:05:53 |INFO  |main |StringEncryptorBuilder.java:119 |com.ulisesbocchio.jasyptspringboot.configuration.StringEncryptorBuilder |Encryptor config not found for property jasypt.encryptor.salt-generator-classname, using default value: org.jasypt.salt.RandomSaltGenerator
2023-09-14 12:05:53 |INFO  |main |StringEncryptorBuilder.java:119 |com.ulisesbocchio.jasyptspringboot.configuration.StringEncryptorBuilder |Encryptor config not found for property jasypt.encryptor.iv-generator-classname, using default value: org.jasypt.iv.RandomIvGenerator
2023-09-14 12:05:53 |INFO  |main |StringEncryptorBuilder.java:119 |com.ulisesbocchio.jasyptspringboot.configuration.StringEncryptorBuilder |Encryptor config not found for property jasypt.encryptor.string-output-type, using default value: base64
2023-09-14 12:05:55 |INFO  |main |DefaultSecurityFilterChain.java:43 |org.springframework.security.web.DefaultSecurityFilterChain |Creating filter chain: Ant [pattern='/favicon.ico'], []
2023-09-14 12:05:55 |INFO  |main |DefaultSecurityFilterChain.java:43 |org.springframework.security.web.DefaultSecurityFilterChain |Creating filter chain: Ant [pattern='/swagger-resources/**'], []
2023-09-14 12:05:55 |INFO  |main |DefaultSecurityFilterChain.java:43 |org.springframework.security.web.DefaultSecurityFilterChain |Creating filter chain: Ant [pattern='/webjars/**'], []
2023-09-14 12:05:55 |INFO  |main |DefaultSecurityFilterChain.java:43 |org.springframework.security.web.DefaultSecurityFilterChain |Creating filter chain: Ant [pattern='/v2/**'], []
2023-09-14 12:05:55 |INFO  |main |DefaultSecurityFilterChain.java:43 |org.springframework.security.web.DefaultSecurityFilterChain |Creating filter chain: Ant [pattern='/doc.html'], []
2023-09-14 12:05:55 |INFO  |main |DefaultSecurityFilterChain.java:43 |org.springframework.security.web.DefaultSecurityFilterChain |Creating filter chain: Ant [pattern='/api/oss/upload'], []
2023-09-14 12:05:55 |INFO  |main |DefaultSecurityFilterChain.java:43 |org.springframework.security.web.DefaultSecurityFilterChain |Creating filter chain: Ant [pattern='/admin/system/sysUser'], []
2023-09-14 12:05:55 |INFO  |main |DefaultSecurityFilterChain.java:43 |org.springframework.security.web.DefaultSecurityFilterChain |Creating filter chain: Ant [pattern='/admin/system/image/**'], []
2023-09-14 12:05:55 |INFO  |main |DefaultSecurityFilterChain.java:43 |org.springframework.security.web.DefaultSecurityFilterChain |Creating filter chain: Ant [pattern='/admin/system/submit/status'], []
2023-09-14 12:05:56 |INFO  |main |PropertySourcedRequestMappingHandlerMapping.java:69 |springfox.documentation.spring.web.PropertySourcedRequestMappingHandlerMapping |Mapped URL path [/v2/api-docs] onto method [springfox.documentation.swagger2.web.Swagger2Controller#getDocumentation(String, HttpServletRequest)]
2023-09-14 12:05:56 |INFO  |main |DefaultSecurityFilterChain.java:43 |org.springframework.security.web.DefaultSecurityFilterChain |Creating filter chain: any request, [org.springframework.security.web.context.request.async.WebAsyncManagerIntegrationFilter@3de79067, org.springframework.security.web.context.SecurityContextPersistenceFilter@6ac45c0c, org.springframework.security.web.header.HeaderWriterFilter@7ac48e10, org.springframework.web.filter.CorsFilter@1eb85a47, org.springframework.security.web.authentication.logout.LogoutFilter@448462f0, com.atguigu.system.filter.TokenAuthenticationFilter@ca7e37f, com.atguigu.system.filter.TokenLoginFilter@99a8de3, org.springframework.security.web.savedrequest.RequestCacheAwareFilter@6075b369, org.springframework.security.web.servletapi.SecurityContextHolderAwareRequestFilter@55877274, org.springframework.security.web.authentication.AnonymousAuthenticationFilter@87f501f, org.springframework.security.web.session.SessionManagementFilter@6b1321b7, org.springframework.security.web.access.ExceptionTranslationFilter@476fde05, org.springframework.security.web.access.intercept.FilterSecurityInterceptor@9b367c8]
2023-09-14 12:05:56 |INFO  |main |ExecutorConfigurationSupport.java:181 |org.springframework.scheduling.concurrent.ThreadPoolTaskExecutor |Initializing ExecutorService 'applicationTaskExecutor'
2023-09-14 12:05:56 |INFO  |main |DirectJDKLog.java:173 |org.apache.coyote.http11.Http11NioProtocol |Starting ProtocolHandler ["http-nio-8800"]
2023-09-14 12:05:56 |INFO  |main |TomcatWebServer.java:220 |org.springframework.boot.web.embedded.tomcat.TomcatWebServer |Tomcat started on port(s): 8800 (http) with context path ''
2023-09-14 12:05:56 |INFO  |main |RefreshScopeRefreshedEventListener.java:70 |com.ulisesbocchio.jasyptspringboot.caching.RefreshScopeRefreshedEventListener |Refreshing cached encryptable property sources on ServletWebServerInitializedEvent
2023-09-14 12:05:56 |INFO  |main |CachingDelegateEncryptablePropertySource.java:92 |com.ulisesbocchio.jasyptspringboot.caching.CachingDelegateEncryptablePropertySource |Property Source systemProperties refreshed
2023-09-14 12:05:56 |INFO  |main |CachingDelegateEncryptablePropertySource.java:92 |com.ulisesbocchio.jasyptspringboot.caching.CachingDelegateEncryptablePropertySource |Property Source systemEnvironment refreshed
2023-09-14 12:05:56 |INFO  |main |CachingDelegateEncryptablePropertySource.java:92 |com.ulisesbocchio.jasyptspringboot.caching.CachingDelegateEncryptablePropertySource |Property Source random refreshed
2023-09-14 12:05:56 |INFO  |main |CachingDelegateEncryptablePropertySource.java:92 |com.ulisesbocchio.jasyptspringboot.caching.CachingDelegateEncryptablePropertySource |Property Source applicationConfig: [classpath:/application-dev.yaml] refreshed
2023-09-14 12:05:56 |INFO  |main |CachingDelegateEncryptablePropertySource.java:92 |com.ulisesbocchio.jasyptspringboot.caching.CachingDelegateEncryptablePropertySource |Property Source applicationConfig: [classpath:/application.yaml] refreshed
2023-09-14 12:05:56 |INFO  |main |EncryptablePropertySourceConverter.java:105 |com.ulisesbocchio.jasyptspringboot.EncryptablePropertySourceConverter |Skipping PropertySource configurationProperties [class org.springframework.boot.context.properties.source.ConfigurationPropertySourcesPropertySource
2023-09-14 12:05:56 |INFO  |main |EncryptablePropertySourceConverter.java:105 |com.ulisesbocchio.jasyptspringboot.EncryptablePropertySourceConverter |Skipping PropertySource servletConfigInitParams [class org.springframework.core.env.PropertySource$StubPropertySource
2023-09-14 12:05:56 |INFO  |main |EncryptablePropertySourceConverter.java:110 |com.ulisesbocchio.jasyptspringboot.EncryptablePropertySourceConverter |Converting PropertySource servletContextInitParams [org.springframework.web.context.support.ServletContextPropertySource] to EncryptableEnumerablePropertySourceWrapper
2023-09-14 12:05:56 |INFO  |main |DocumentationPluginsBootstrapper.java:160 |springfox.documentation.spring.web.plugins.DocumentationPluginsBootstrapper |Context refreshed
2023-09-14 12:05:56 |INFO  |main |DocumentationPluginsBootstrapper.java:163 |springfox.documentation.spring.web.plugins.DocumentationPluginsBootstrapper |Found 1 custom documentation plugin(s)
2023-09-14 12:05:56 |INFO  |main |ApiListingReferenceScanner.java:41 |springfox.documentation.spring.web.scanners.ApiListingReferenceScanner |Scanning for api listing references
2023-09-14 12:05:56 |INFO  |main |CachingOperationNameGenerator.java:40 |springfox.documentation.spring.web.readers.operation.CachingOperationNameGenerator |Generating unique operation named: deleteMenuUsingDELETE_1
2023-09-14 12:05:57 |INFO  |main |CachingOperationNameGenerator.java:40 |springfox.documentation.spring.web.readers.operation.CachingOperationNameGenerator |Generating unique operation named: saveUsingPOST_1
2023-09-14 12:05:57 |INFO  |main |CachingOperationNameGenerator.java:40 |springfox.documentation.spring.web.readers.operation.CachingOperationNameGenerator |Generating unique operation named: updateUsingPUT_1
2023-09-14 12:05:57 |INFO  |main |StartupInfoLogger.java:61 |com.atguigu.system.ServiceAuthApplication |Started ServiceAuthApplication in 7.027 seconds (JVM running for 8.624)
2023-09-14 12:06:11 |INFO  |http-nio-8800-exec-1 |DirectJDKLog.java:173 |org.apache.catalina.core.ContainerBase.[Tomcat].[localhost].[/] |Initializing Spring DispatcherServlet 'dispatcherServlet'
2023-09-14 12:06:11 |INFO  |http-nio-8800-exec-1 |FrameworkServlet.java:525 |org.springframework.web.servlet.DispatcherServlet |Initializing Servlet 'dispatcherServlet'
2023-09-14 12:06:11 |INFO  |http-nio-8800-exec-1 |FrameworkServlet.java:547 |org.springframework.web.servlet.DispatcherServlet |Completed initialization in 11 ms
2023-09-14 12:06:28 |INFO  |http-nio-8800-exec-4 |TokenAuthenticationFilter.java:39 |com.atguigu.system.filter.TokenAuthenticationFilter |uri:/admin/system/index/login
2023-09-14 12:06:28 |INFO  |http-nio-8800-exec-4 |HikariDataSource.java:110 |com.zaxxer.hikari.HikariDataSource |HikariPool-1 - Starting...
2023-09-14 12:06:29 |INFO  |http-nio-8800-exec-4 |HikariDataSource.java:123 |com.zaxxer.hikari.HikariDataSource |HikariPool-1 - Start completed.
2023-09-14 13:38:33 |INFO  |lettuce-nioEventLoop-4-1 |AbstractInternalLogger.java:217 |io.lettuce.core.protocol.CommandHandler |null Unexpected exception during request: java.io.IOException: An existing connection was forcibly closed by the remote host
java.io.IOException: An existing connection was forcibly closed by the remote host
	at sun.nio.ch.SocketDispatcher.read0(Native Method)
	at sun.nio.ch.SocketDispatcher.read(SocketDispatcher.java:43)
	at sun.nio.ch.IOUtil.readIntoNativeBuffer(IOUtil.java:223)
	at sun.nio.ch.IOUtil.read(IOUtil.java:192)
	at sun.nio.ch.SocketChannelImpl.read(SocketChannelImpl.java:379)
	at io.netty.buffer.PooledByteBuf.setBytes(PooledByteBuf.java:253)
	at io.netty.buffer.AbstractByteBuf.writeBytes(AbstractByteBuf.java:1134)
	at io.netty.channel.socket.nio.NioSocketChannel.doReadBytes(NioSocketChannel.java:350)
	at io.netty.channel.nio.AbstractNioByteChannel$NioByteUnsafe.read(AbstractNioByteChannel.java:151)
	at io.netty.channel.nio.NioEventLoop.processSelectedKey(NioEventLoop.java:719)
	at io.netty.channel.nio.NioEventLoop.processSelectedKeysOptimized(NioEventLoop.java:655)
	at io.netty.channel.nio.NioEventLoop.processSelectedKeys(NioEventLoop.java:581)
	at io.netty.channel.nio.NioEventLoop.run(NioEventLoop.java:493)
	at io.netty.util.concurrent.SingleThreadEventExecutor$4.run(SingleThreadEventExecutor.java:989)
	at io.netty.util.internal.ThreadExecutorMap$2.run(ThreadExecutorMap.java:74)
	at io.netty.util.concurrent.FastThreadLocalRunnable.run(FastThreadLocalRunnable.java:30)
	at java.lang.Thread.run(Thread.java:750)
2023-09-14 13:38:33 |INFO  |lettuce-eventExecutorLoop-1-3 |AbstractInternalLogger.java:171 |io.lettuce.core.protocol.ConnectionWatchdog |Reconnecting, last destination was /124.222.220.45:6379
2023-09-14 13:38:33 |INFO  |lettuce-nioEventLoop-4-2 |ReconnectionHandler.java:194 |io.lettuce.core.protocol.ReconnectionHandler |Reconnected to 124.222.220.45:6379
2023-09-14 13:48:34 |INFO  |SpringContextShutdownHook |ExecutorConfigurationSupport.java:218 |org.springframework.scheduling.concurrent.ThreadPoolTaskExecutor |Shutting down ExecutorService 'applicationTaskExecutor'
2023-09-14 13:48:34 |INFO  |SpringContextShutdownHook |HikariDataSource.java:350 |com.zaxxer.hikari.HikariDataSource |HikariPool-1 - Shutdown initiated...
2023-09-14 13:48:34 |INFO  |SpringContextShutdownHook |HikariDataSource.java:352 |com.zaxxer.hikari.HikariDataSource |HikariPool-1 - Shutdown completed.
